# JRE version: OpenJDK Runtime Environment (17.0.2+8) (build 17.0.2+8-86)
# Java VM: OpenJDK 64-Bit Server VM (17.0.2+8-86, mixed mode, sharing, tiered, compressed oops, compressed class ptrs, g1 gc, windows-amd64)
GC Precious Log:
 CPUs: 8 total, 8 available
 Memory: 7934M
 Large Page Support: Disabled
 NUMA Support: Disabled
 Compressed Oops: Enabled (32-bit)
 Heap Region Size: 1M
 Heap Min Capacity: 8M
 Heap Initial Capacity: 124M
 Heap Max Capacity: 1984M
 Pre-touch: Disabled
 Parallel Workers: 8
 Concurrent Workers: 2
 Concurrent Refinement Workers: 8
 Periodic GC: Disabled
Heap:
 garbage-first heap   total 155648K, used 48483K [0x0000000084000000, 0x0000000100000000)
  region size 1024K, 1 young (1024K), 1 survivors (1024K)
 Metaspace       used 47081K, committed 47680K, reserved 1097728K
  class space    used 5839K, committed 6144K, reserved 1048576K
GC Heap History (20 events):
Event: 7.867 GC heap after
{Heap after GC invocations=9 (full 0):
 garbage-first heap   total 75776K, used 25045K [0x0000000084000000, 0x0000000100000000)
  region size 1024K, 1 young (1024K), 1 survivors (1024K)
 Metaspace       used 31535K, committed 31808K, reserved 1081344K
  class space    used 3943K, committed 4096K, reserved 1048576K
}
Event: 8.651 GC heap before
{Heap before GC invocations=9 (full 0):
 garbage-first heap   total 75776K, used 54741K [0x0000000084000000, 0x0000000100000000)
  region size 1024K, 30 young (30720K), 1 survivors (1024K)
 Metaspace       used 34498K, committed 34880K, reserved 1081344K
  class space    used 4335K, committed 4480K, reserved 1048576K
}
Event: 8.660 GC heap after
{Heap after GC invocations=10 (full 0):
 garbage-first heap   total 155648K, used 27214K [0x0000000084000000, 0x0000000100000000)
  region size 1024K, 4 young (4096K), 4 survivors (4096K)
 Metaspace       used 34498K, committed 34880K, reserved 1081344K
  class space    used 4335K, committed 4480K, reserved 1048576K
}
Event: 9.126 GC heap before
{Heap before GC invocations=10 (full 0):
 garbage-first heap   total 155648K, used 78414K [0x0000000084000000, 0x0000000100000000)
  region size 1024K, 23 young (23552K), 4 survivors (4096K)
 Metaspace       used 35720K, committed 36160K, reserved 1081344K
  class space    used 4455K, committed 4672K, reserved 1048576K
}
Event: 9.133 GC heap after
{Heap after GC invocations=11 (full 0):
 garbage-first heap   total 155648K, used 28117K [0x0000000084000000, 0x0000000100000000)
  region size 1024K, 4 young (4096K), 4 survivors (4096K)
 Metaspace       used 35720K, committed 36160K, reserved 1081344K
  class space    used 4455K, committed 4672K, reserved 1048576K
}
Event: 10.677 GC heap before
{Heap before GC invocations=12 (full 0):
 garbage-first heap   total 96256K, used 79872K [0x0000000084000000, 0x0000000100000000)
  region size 1024K, 52 young (53248K), 4 survivors (4096K)
 Metaspace       used 43508K, committed 44032K, reserved 1089536K
  class space    used 5403K, committed 5632K, reserved 1048576K
}
Event: 10.712 GC heap after
{Heap after GC invocations=13 (full 0):
 garbage-first heap   total 96256K, used 42885K [0x0000000084000000, 0x0000000100000000)
  region size 1024K, 7 young (7168K), 7 survivors (7168K)
 Metaspace       used 43508K, committed 44032K, reserved 1089536K
  class space    used 5403K, committed 5632K, reserved 1048576K
}
Event: 11.635 GC heap before
{Heap before GC invocations=14 (full 0):
 garbage-first heap   total 96256K, used 71557K [0x0000000084000000, 0x0000000100000000)
  region size 1024K, 36 young (36864K), 7 survivors (7168K)
 Metaspace       used 45108K, committed 45696K, reserved 1089536K
  class space    used 5587K, committed 5888K, reserved 1048576K
}
Event: 11.655 GC heap after
{Heap after GC invocations=15 (full 0):
 garbage-first heap   total 96256K, used 46080K [0x0000000084000000, 0x0000000100000000)
  region size 1024K, 3 young (3072K), 3 survivors (3072K)
 Metaspace       used 45108K, committed 45696K, reserved 1089536K
  class space    used 5587K, committed 5888K, reserved 1048576K
}
Event: 12.492 GC heap before
{Heap before GC invocations=15 (full 0):
 garbage-first heap   total 96256K, used 71680K [0x0000000084000000, 0x0000000100000000)
  region size 1024K, 29 young (29696K), 3 survivors (3072K)
 Metaspace       used 47149K, committed 47680K, reserved 1097728K
  class space    used 5856K, committed 6144K, reserved 1048576K
}
Event: 12.506 GC heap after
{Heap after GC invocations=16 (full 0):
 garbage-first heap   total 96256K, used 47152K [0x0000000084000000, 0x0000000100000000)
  region size 1024K, 4 young (4096K), 4 survivors (4096K)
 Metaspace       used 47149K, committed 47680K, reserved 1097728K
  class space    used 5856K, committed 6144K, reserved 1048576K
}
Event: 13.143 GC heap before
{Heap before GC invocations=17 (full 0):
 garbage-first heap   total 96256K, used 78896K [0x0000000084000000, 0x0000000100000000)
  region size 1024K, 31 young (31744K), 4 survivors (4096K)
 Metaspace       used 47216K, committed 47744K, reserved 1097728K
  class space    used 5857K, committed 6144K, reserved 1048576K
}
Event: 13.165 GC heap after
{Heap after GC invocations=18 (full 0):
 garbage-first heap   total 96256K, used 60380K [0x0000000084000000, 0x0000000100000000)
  region size 1024K, 4 young (4096K), 4 survivors (4096K)
 Metaspace       used 47216K, committed 47744K, reserved 1097728K
  class space    used 5857K, committed 6144K, reserved 1048576K
}
Event: 13.175 GC heap before
{Heap before GC invocations=18 (full 0):
 garbage-first heap   total 96256K, used 61404K [0x0000000084000000, 0x0000000100000000)
  region size 1024K, 5 young (5120K), 4 survivors (4096K)
 Metaspace       used 47217K, committed 47744K, reserved 1097728K
  class space    used 5857K, committed 6144K, reserved 1048576K
}
Event: 13.190 GC heap after
{Heap after GC invocations=19 (full 0):
 garbage-first heap   total 96256K, used 56068K [0x0000000084000000, 0x0000000100000000)
  region size 1024K, 1 young (1024K), 1 survivors (1024K)
 Metaspace       used 47217K, committed 47744K, reserved 1097728K
  class space    used 5857K, committed 6144K, reserved 1048576K
}
Event: 13.642 GC heap before
{Heap before GC invocations=19 (full 0):
 garbage-first heap   total 96256K, used 74500K [0x0000000084000000, 0x0000000100000000)
  region size 1024K, 19 young (19456K), 1 survivors (1024K)
 Metaspace       used 47777K, committed 48320K, reserved 1097728K
  class space    used 5928K, committed 6208K, reserved 1048576K
}
Event: 13.649 GC heap after
{Heap after GC invocations=20 (full 0):
 garbage-first heap   total 96256K, used 57344K [0x0000000084000000, 0x0000000100000000)
  region size 1024K, 2 young (2048K), 2 survivors (2048K)
 Metaspace       used 47777K, committed 48320K, reserved 1097728K
  class space    used 5928K, committed 6208K, reserved 1048576K
}
Event: 14.157 GC heap before
{Heap before GC invocations=21 (full 0):
 garbage-first heap   total 96256K, used 70656K [0x0000000084000000, 0x0000000100000000)
  region size 1024K, 20 young (20480K), 2 survivors (2048K)
 Metaspace       used 47053K, committed 47616K, reserved 1097728K
  class space    used 5836K, committed 6144K, reserved 1048576K
}
Event: 14.164 GC heap after
{Heap after GC invocations=22 (full 0):
 garbage-first heap   total 96256K, used 53768K [0x0000000084000000, 0x0000000100000000)
  region size 1024K, 1 young (1024K), 1 survivors (1024K)
 Metaspace       used 47053K, committed 47616K, reserved 1097728K
  class space    used 5836K, committed 6144K, reserved 1048576K
}
Event: 14.307 GC heap before
{Heap before GC invocations=22 (full 0):
 garbage-first heap   total 96256K, used 56840K [0x0000000084000000, 0x0000000100000000)
  region size 1024K, 4 young (4096K), 1 survivors (1024K)
 Metaspace       used 47081K, committed 47680K, reserved 1097728K
  class space    used 5839K, committed 6144K, reserved 1048576K
}

