# JRE version: OpenJDK Runtime Environment (17.0.2+8) (build 17.0.2+8-86)
# Java VM: OpenJDK 64-Bit Server VM (17.0.2+8-86, mixed mode, sharing, tiered, compressed oops, compressed class ptrs, g1 gc, windows-amd64)
GC Precious Log:
 CPUs: 8 total, 8 available
 Memory: 7934M
 Large Page Support: Disabled
 NUMA Support: Disabled
 Compressed Oops: Enabled (32-bit)
 Heap Region Size: 1M
 Heap Min Capacity: 8M
 Heap Initial Capacity: 124M
 Heap Max Capacity: 1984M
 Pre-touch: Disabled
 Parallel Workers: 8
 Concurrent Workers: 2
 Concurrent Refinement Workers: 8
 Periodic GC: Disabled
Heap:
 garbage-first heap   total 126976K, used 9077K [0x0000000084000000, 0x0000000100000000)
  region size 1024K, 7 young (7168K), 2 survivors (2048K)
 Metaspace       used 9560K, committed 9728K, reserved 1064960K
  class space    used 1170K, committed 1280K, reserved 1048576K
GC Heap History (8 events):
Event: 4.996 GC heap before
{Heap before GC invocations=0 (full 0):
 garbage-first heap   total 126976K, used 22528K [0x0000000084000000, 0x0000000100000000)
  region size 1024K, 23 young (23552K), 0 survivors (0K)
 Metaspace       used 4969K, committed 5184K, reserved 1056768K
  class space    used 591K, committed 704K, reserved 1048576K
}
Event: 6.021 GC heap after
{Heap after GC invocations=1 (full 0):
 garbage-first heap   total 126976K, used 3492K [0x0000000084000000, 0x0000000100000000)
  region size 1024K, 3 young (3072K), 3 survivors (3072K)
 Metaspace       used 4969K, committed 5184K, reserved 1056768K
  class space    used 591K, committed 704K, reserved 1048576K
}
Event: 6.249 GC heap before
{Heap before GC invocations=1 (full 0):
 garbage-first heap   total 126976K, used 12708K [0x0000000084000000, 0x0000000100000000)
  region size 1024K, 13 young (13312K), 3 survivors (3072K)
 Metaspace       used 5599K, committed 5760K, reserved 1056768K
  class space    used 687K, committed 768K, reserved 1048576K
}
Event: 6.254 GC heap after
{Heap after GC invocations=2 (full 0):
 garbage-first heap   total 126976K, used 4163K [0x0000000084000000, 0x0000000100000000)
  region size 1024K, 1 young (1024K), 1 survivors (1024K)
 Metaspace       used 5599K, committed 5760K, reserved 1056768K
  class space    used 687K, committed 768K, reserved 1048576K
}
Event: 6.675 GC heap before
{Heap before GC invocations=2 (full 0):
 garbage-first heap   total 126976K, used 16451K [0x0000000084000000, 0x0000000100000000)
  region size 1024K, 13 young (13312K), 1 survivors (1024K)
 Metaspace       used 6683K, committed 6848K, reserved 1056768K
  class space    used 808K, committed 896K, reserved 1048576K
}
Event: 6.677 GC heap after
{Heap after GC invocations=3 (full 0):
 garbage-first heap   total 126976K, used 4144K [0x0000000084000000, 0x0000000100000000)
  region size 1024K, 1 young (1024K), 1 survivors (1024K)
 Metaspace       used 6683K, committed 6848K, reserved 1056768K
  class space    used 808K, committed 896K, reserved 1048576K
}
Event: 7.364 GC heap before
{Heap before GC invocations=3 (full 0):
 garbage-first heap   total 126976K, used 25648K [0x0000000084000000, 0x0000000100000000)
  region size 1024K, 22 young (22528K), 1 survivors (1024K)
 Metaspace       used 8909K, committed 9152K, reserved 1064960K
  class space    used 1089K, committed 1216K, reserved 1048576K
}
Event: 7.368 GC heap after
{Heap after GC invocations=4 (full 0):
 garbage-first heap   total 126976K, used 4981K [0x0000000084000000, 0x0000000100000000)
  region size 1024K, 2 young (2048K), 2 survivors (2048K)
 Metaspace       used 8909K, committed 9152K, reserved 1064960K
  class space    used 1089K, committed 1216K, reserved 1048576K
}

