# JRE version: OpenJDK Runtime Environment (17.0.2+8) (build 17.0.2+8-86)
# Java VM: OpenJDK 64-Bit Server VM (17.0.2+8-86, mixed mode, sharing, tiered, compressed oops, compressed class ptrs, g1 gc, windows-amd64)
GC Precious Log:
 CPUs: 8 total, 8 available
 Memory: 7934M
 Large Page Support: Disabled
 NUMA Support: Disabled
 Compressed Oops: Enabled (32-bit)
 Heap Region Size: 1M
 Heap Min Capacity: 8M
 Heap Initial Capacity: 124M
 Heap Max Capacity: 1984M
 Pre-touch: Disabled
 Parallel Workers: 8
 Concurrent Workers: 2
 Concurrent Refinement Workers: 8
 Periodic GC: Disabled
Heap:
 garbage-first heap   total 78848K, used 43762K [0x0000000084000000, 0x0000000100000000)
  region size 1024K, 18 young (18432K), 3 survivors (3072K)
 Metaspace       used 40621K, committed 41088K, reserved 1089536K
  class space    used 5082K, committed 5312K, reserved 1048576K
GC Heap History (20 events):
Event: 1.044 GC heap before
{Heap before GC invocations=0 (full 0):
 garbage-first heap   total 126976K, used 23552K [0x0000000084000000, 0x0000000100000000)
  region size 1024K, 23 young (23552K), 0 survivors (0K)
 Metaspace       used 4943K, committed 5120K, reserved 1056768K
  class space    used 589K, committed 704K, reserved 1048576K
}
Event: 1.055 GC heap after
{Heap after GC invocations=1 (full 0):
 garbage-first heap   total 126976K, used 3428K [0x0000000084000000, 0x0000000100000000)
  region size 1024K, 3 young (3072K), 3 survivors (3072K)
 Metaspace       used 4943K, committed 5120K, reserved 1056768K
  class space    used 589K, committed 704K, reserved 1048576K
}
Event: 2.362 GC heap before
{Heap before GC invocations=1 (full 0):
 garbage-first heap   total 126976K, used 35172K [0x0000000084000000, 0x0000000100000000)
  region size 1024K, 34 young (34816K), 3 survivors (3072K)
 Metaspace       used 7186K, committed 7360K, reserved 1056768K
  class space    used 869K, committed 960K, reserved 1048576K
}
Event: 2.371 GC heap after
{Heap after GC invocations=2 (full 0):
 garbage-first heap   total 126976K, used 4426K [0x0000000084000000, 0x0000000100000000)
  region size 1024K, 1 young (1024K), 1 survivors (1024K)
 Metaspace       used 7186K, committed 7360K, reserved 1056768K
  class space    used 869K, committed 960K, reserved 1048576K
}
Event: 4.351 GC heap before
{Heap before GC invocations=2 (full 0):
 garbage-first heap   total 126976K, used 79178K [0x0000000084000000, 0x0000000100000000)
  region size 1024K, 74 young (75776K), 1 survivors (1024K)
 Metaspace       used 15016K, committed 15232K, reserved 1064960K
  class space    used 1821K, committed 1920K, reserved 1048576K
}
Event: 4.368 GC heap after
{Heap after GC invocations=3 (full 0):
 garbage-first heap   total 126976K, used 11392K [0x0000000084000000, 0x0000000100000000)
  region size 1024K, 8 young (8192K), 8 survivors (8192K)
 Metaspace       used 15016K, committed 15232K, reserved 1064960K
  class space    used 1821K, committed 1920K, reserved 1048576K
}
Event: 6.210 GC heap before
{Heap before GC invocations=3 (full 0):
 garbage-first heap   total 126976K, used 78976K [0x0000000084000000, 0x0000000100000000)
  region size 1024K, 74 young (75776K), 8 survivors (8192K)
 Metaspace       used 16511K, committed 16832K, reserved 1064960K
  class space    used 1949K, committed 2112K, reserved 1048576K
}
Event: 6.232 GC heap after
{Heap after GC invocations=4 (full 0):
 garbage-first heap   total 126976K, used 14681K [0x0000000084000000, 0x0000000100000000)
  region size 1024K, 4 young (4096K), 4 survivors (4096K)
 Metaspace       used 16511K, committed 16832K, reserved 1064960K
  class space    used 1949K, committed 2112K, reserved 1048576K
}
Event: 8.316 GC heap before
{Heap before GC invocations=4 (full 0):
 garbage-first heap   total 126976K, used 86361K [0x0000000084000000, 0x0000000100000000)
  region size 1024K, 74 young (75776K), 4 survivors (4096K)
 Metaspace       used 20201K, committed 20480K, reserved 1073152K
  class space    used 2357K, committed 2496K, reserved 1048576K
}
Event: 8.328 GC heap after
{Heap after GC invocations=5 (full 0):
 garbage-first heap   total 126976K, used 20111K [0x0000000084000000, 0x0000000100000000)
  region size 1024K, 9 young (9216K), 9 survivors (9216K)
 Metaspace       used 20201K, committed 20480K, reserved 1073152K
  class space    used 2357K, committed 2496K, reserved 1048576K
}
Event: 8.428 GC heap before
{Heap before GC invocations=5 (full 0):
 garbage-first heap   total 126976K, used 23183K [0x0000000084000000, 0x0000000100000000)
  region size 1024K, 13 young (13312K), 9 survivors (9216K)
 Metaspace       used 21251K, committed 21504K, reserved 1073152K
  class space    used 2521K, committed 2624K, reserved 1048576K
}
Event: 8.441 GC heap after
{Heap after GC invocations=6 (full 0):
 garbage-first heap   total 126976K, used 21279K [0x0000000084000000, 0x0000000100000000)
  region size 1024K, 2 young (2048K), 2 survivors (2048K)
 Metaspace       used 21251K, committed 21504K, reserved 1073152K
  class space    used 2521K, committed 2624K, reserved 1048576K
}
Event: 9.549 GC heap before
{Heap before GC invocations=7 (full 0):
 garbage-first heap   total 78848K, used 66335K [0x0000000084000000, 0x0000000100000000)
  region size 1024K, 46 young (47104K), 2 survivors (2048K)
 Metaspace       used 31647K, committed 32000K, reserved 1081344K
  class space    used 3947K, committed 4096K, reserved 1048576K
}
Event: 9.557 GC heap after
{Heap after GC invocations=8 (full 0):
 garbage-first heap   total 78848K, used 25077K [0x0000000084000000, 0x0000000100000000)
  region size 1024K, 6 young (6144K), 6 survivors (6144K)
 Metaspace       used 31647K, committed 32000K, reserved 1081344K
  class space    used 3947K, committed 4096K, reserved 1048576K
}
Event: 9.566 GC heap before
{Heap before GC invocations=8 (full 0):
 garbage-first heap   total 78848K, used 25077K [0x0000000084000000, 0x0000000100000000)
  region size 1024K, 7 young (7168K), 6 survivors (6144K)
 Metaspace       used 31683K, committed 32000K, reserved 1081344K
  class space    used 3949K, committed 4096K, reserved 1048576K
}
Event: 9.572 GC heap after
{Heap after GC invocations=9 (full 0):
 garbage-first heap   total 78848K, used 23973K [0x0000000084000000, 0x0000000100000000)
  region size 1024K, 1 young (1024K), 1 survivors (1024K)
 Metaspace       used 31683K, committed 32000K, reserved 1081344K
  class space    used 3949K, committed 4096K, reserved 1048576K
}
Event: 10.523 GC heap before
{Heap before GC invocations=9 (full 0):
 garbage-first heap   total 78848K, used 59813K [0x0000000084000000, 0x0000000100000000)
  region size 1024K, 36 young (36864K), 1 survivors (1024K)
 Metaspace       used 35229K, committed 35648K, reserved 1081344K
  class space    used 4397K, committed 4608K, reserved 1048576K
}
Event: 10.530 GC heap after
{Heap after GC invocations=10 (full 0):
 garbage-first heap   total 78848K, used 25386K [0x0000000084000000, 0x0000000100000000)
  region size 1024K, 3 young (3072K), 3 survivors (3072K)
 Metaspace       used 35229K, committed 35648K, reserved 1081344K
  class space    used 4397K, committed 4608K, reserved 1048576K
}
Event: 10.861 GC heap before
{Heap before GC invocations=10 (full 0):
 garbage-first heap   total 78848K, used 34602K [0x0000000084000000, 0x0000000100000000)
  region size 1024K, 13 young (13312K), 3 survivors (3072K)
 Metaspace       used 35850K, committed 36288K, reserved 1081344K
  class space    used 4458K, committed 4672K, reserved 1048576K
}
Event: 10.867 GC heap after
{Heap after GC invocations=11 (full 0):
 garbage-first heap   total 78848K, used 25916K [0x0000000084000000, 0x0000000100000000)
  region size 1024K, 3 young (3072K), 3 survivors (3072K)
 Metaspace       used 35850K, committed 36288K, reserved 1081344K
  class space    used 4458K, committed 4672K, reserved 1048576K
}

